TN:
SF:C:\Ben\WalkMe\campaign_manager\dataRepository\campaignDAO.js
FN:8,CampaignDAO
FN:13,(anonymous_1)
FN:31,fillId2ThresholdsMap
FN:59,(anonymous_3)
FN:65,(anonymous_4)
FNF:5
FNH:4
FNDA:0,CampaignDAO
FNDA:2,(anonymous_1)
FNDA:2,fillId2ThresholdsMap
FNDA:2,(anonymous_3)
FNDA:1,(anonymous_4)
DA:1,2
DA:2,2
DA:3,2
DA:5,2
DA:6,2
DA:13,2
DA:14,2
DA:15,2
DA:16,2
DA:17,2
DA:18,2
DA:19,2
DA:22,0
DA:32,2
DA:33,2
DA:34,6
DA:36,6
DA:37,6
DA:38,4
DA:41,2
DA:43,6
DA:44,4
DA:47,2
DA:50,2
DA:54,0
DA:59,2
DA:61,2
DA:65,2
DA:67,1
DA:72,2
LF:30
LH:28
BRDA:37,0,0,4
BRDA:37,0,1,2
BRDA:43,1,0,4
BRDA:43,1,1,2
BRF:4
BRH:4
end_of_record
TN:
SF:C:\Ben\WalkMe\campaign_manager\logic\brain.js
FN:16,Brain
FN:24,(anonymous_1)
FN:75,clone
FNF:3
FNH:2
FNDA:0,Brain
FNDA:19,(anonymous_1)
FNDA:2,clone
DA:1,1
DA:2,1
DA:3,1
DA:4,1
DA:7,1
DA:8,1
DA:11,1
DA:12,1
DA:13,1
DA:24,1
DA:25,19
DA:26,19
DA:27,19
DA:28,19
DA:29,2
DA:30,2
DA:33,19
DA:34,19
DA:36,57
DA:37,57
DA:38,57
DA:39,57
DA:41,38
DA:43,24
DA:44,24
DA:45,24
DA:50,19
DA:53,57
DA:55,38
DA:57,23
DA:62,19
DA:65,57
DA:66,28
DA:70,19
DA:76,2
DA:77,2
DA:78,2
DA:82,0
DA:86,1
LF:39
LH:38
BRDA:28,0,0,2
BRDA:28,0,1,17
BRDA:39,1,0,38
BRDA:39,1,1,19
BRDA:41,2,0,24
BRDA:41,2,1,14
BRDA:53,3,0,38
BRDA:53,3,1,19
BRDA:55,4,0,23
BRDA:55,4,1,15
BRDA:65,5,0,28
BRDA:65,5,1,29
BRDA:65,6,0,57
BRDA:65,6,1,43
BRF:14
BRH:14
end_of_record
TN:
SF:C:\Ben\WalkMe\campaign_manager\util\logger.js
FNF:0
FNH:0
DA:5,2
DA:6,2
DA:8,2
DA:14,2
DA:18,2
DA:19,2
DA:28,2
DA:29,2
DA:38,2
DA:39,2
DA:48,2
LF:11
LH:11
BRF:0
BRH:0
end_of_record
